<?xml version="1.0" encoding="UTF-8"?>
<robot generator="Robot 7.4.2 (Python 3.14.6 on darwin)" generated="2026-08-20T09:15:40.289262" rpa="false" schemaversion="5">
<suite id="s1" name="Registration Tests" source="/Users/mahmoudmadboly/Central-Automation-Folder/RobotFreamwork_ParaBank_WebProject/Tests/Registration_Tests.robot">
<test id="s1-t1" name="TC_001_Verify User Registration" line="13">
<kw name="Initialize Browser" owner="BrowserKeyword" type="SETUP">
<kw name="Open Browser" owner="SeleniumLibrary">
<msg time="2026-08-20T09:15:40.392700" level="INFO">Opening browser 'chrome' to base url 'https://parabank.parasoft.com/parabank/index.htm'.</msg>
<arg>${url}</arg>
<arg>${browser}</arg>
<doc>Opens a new browser instance to the optional ``url``.</doc>
<status status="PASS" start="2026-08-20T09:15:40.392613" elapsed="3.255257"/>
</kw>
<kw name="Maximize Browser Window" owner="SeleniumLibrary">
<doc>Maximizes current browser window.</doc>
<status status="PASS" start="2026-08-20T09:15:43.648712" elapsed="0.388407"/>
</kw>
<kw name="Sleep" owner="BuiltIn">
<msg time="2026-08-20T09:15:54.038269" level="INFO">Slept 10 seconds.</msg>
<arg>${StandardWait}</arg>
<doc>Pauses the test executed for the given time.</doc>
<status status="PASS" start="2026-08-20T09:15:44.037300" elapsed="10.001077"/>
</kw>
<status status="PASS" start="2026-08-20T09:15:40.392314" elapsed="13.646176"/>
</kw>
<kw name="Verify HomePage Loaded" owner="HomePage">
<kw name="Location Should Be" owner="SeleniumLibrary">
<msg time="2026-08-20T09:15:54.041578" level="INFO">Current location is 'https://parabank.parasoft.com/parabank/index.htm'.</msg>
<arg>${URL}</arg>
<doc>Verifies that the current URL is exactly ``url``.</doc>
<status status="PASS" start="2026-08-20T09:15:54.039119" elapsed="0.002498"/>
</kw>
<doc>Verifies that the Home page is loaded by checking for the presence of the Register link</doc>
<status status="PASS" start="2026-08-20T09:15:54.038841" elapsed="0.002823"/>
</kw>
<kw name="Navigate To Register Page" owner="HomePage">
<kw name="Navigate To Page" owner="CommonKeyword">
<kw name="Safe Click" owner="CommonKeyword">
<try>
<branch type="TRY">
<kw name="Wait Until Element Is Visible" owner="SeleniumLibrary">
<arg>${locator}</arg>
<arg>${StandardWait}</arg>
<doc>Waits until the element ``locator`` is visible.</doc>
<status status="PASS" start="2026-08-20T09:15:54.042343" elapsed="0.007432"/>
</kw>
<kw name="Wait Until Element Is Enabled" owner="SeleniumLibrary">
<arg>${locator}</arg>
<arg>${StandardWait}</arg>
<doc>Waits until the element ``locator`` is enabled.</doc>
<status status="PASS" start="2026-08-20T09:15:54.049860" elapsed="0.007278"/>
</kw>
<kw name="Click Element" owner="SeleniumLibrary">
<msg time="2026-08-20T09:15:54.057353" level="INFO">Clicking element 'xpath=//a[text()='Register']'.</msg>
<arg>${locator}</arg>
<doc>Click the element identified by ``locator``.</doc>
<status status="PASS" start="2026-08-20T09:15:54.057229" elapsed="0.574088"/>
</kw>
<status status="PASS" start="2026-08-20T09:15:54.042277" elapsed="0.589291"/>
</branch>
<branch type="EXCEPT" assign="${error}">
<kw name="Capture And Name Screenshot" owner="CommonKeyword">
<doc>Captures a screenshot named after the currently running test case</doc>
<status status="NOT RUN" start="2026-08-20T09:15:54.632186" elapsed="0.000055"/>
</kw>
<kw name="Fail" owner="BuiltIn">
<arg>Unable to click element '${locator}': ${error}</arg>
<doc>Fails the test with the given message and optionally alters its tags.</doc>
<status status="NOT RUN" start="2026-08-20T09:15:54.632428" elapsed="0.000040"/>
</kw>
<status status="NOT RUN" start="2026-08-20T09:15:54.631808" elapsed="0.000699"/>
</branch>
<status status="PASS" start="2026-08-20T09:15:54.042245" elapsed="0.590333"/>
</try>
<arg>${navigationLocator}</arg>
<status status="PASS" start="2026-08-20T09:15:54.042146" elapsed="0.590526"/>
</kw>
<try>
<branch type="TRY">
<kw name="Wait Until Page Contains Element" owner="SeleniumLibrary">
<arg>${destinationPageLocator}</arg>
<arg>${StandardWait}</arg>
<doc>Waits until the element ``locator`` appears on the current page.</doc>
<status status="PASS" start="2026-08-20T09:15:54.632907" elapsed="0.009668"/>
</kw>
<status status="PASS" start="2026-08-20T09:15:54.632789" elapsed="0.009905"/>
</branch>
<branch type="EXCEPT" assign="${error}">
<kw name="Capture And Name Screenshot" owner="CommonKeyword">
<doc>Captures a screenshot named after the currently running test case</doc>
<status status="NOT RUN" start="2026-08-20T09:15:54.643018" elapsed="0.000039"/>
</kw>
<kw name="Fail" owner="BuiltIn">
<arg>Navigation failed — '${destinationPageLocator}' did not appear: ${error}</arg>
<doc>Fails the test with the given message and optionally alters its tags.</doc>
<status status="NOT RUN" start="2026-08-20T09:15:54.643171" elapsed="0.000022"/>
</kw>
<status status="NOT RUN" start="2026-08-20T09:15:54.642777" elapsed="0.000450"/>
</branch>
<status status="PASS" start="2026-08-20T09:15:54.632748" elapsed="0.010523"/>
</try>
<arg>${REGISTER_LINK}</arg>
<arg>${REGISTER_PAGE_HEADER}</arg>
<status status="PASS" start="2026-08-20T09:15:54.041970" elapsed="0.601365"/>
</kw>
<doc>Navigates to the Register page by clicking on the Register link</doc>
<status status="PASS" start="2026-08-20T09:15:54.041774" elapsed="0.601683"/>
</kw>
<kw name="Set Register User Data" owner="Register">
<kw name="Input Text" owner="SeleniumLibrary">
<msg time="2026-08-20T09:15:54.644629" level="INFO">Typing text 'Mohamed' into text field 'id=customer.firstName'.</msg>
<arg>${FIRST_NAME_FIELD}</arg>
<arg>${firstName}</arg>
<doc>Types the given ``text`` into the text field identified by ``locator``.</doc>
<status status="PASS" start="2026-08-20T09:15:54.644294" elapsed="0.061828"/>
</kw>
<kw name="Input Text" owner="SeleniumLibrary">
<msg time="2026-08-20T09:15:54.706559" level="INFO">Typing text 'Madboly' into text field 'id=customer.lastName'.</msg>
<arg>${LAST_NAME_FIELD}</arg>
<arg>${lastName}</arg>
<doc>Types the given ``text`` into the text field identified by ``locator``.</doc>
<status status="PASS" start="2026-08-20T09:15:54.706289" elapsed="0.018669"/>
</kw>
<kw name="Input Text" owner="SeleniumLibrary">
<msg time="2026-08-20T09:15:54.725196" level="INFO">Typing text 'Almaazar' into text field 'id=customer.address.street'.</msg>
<arg>${ADDRESS_FIELD}</arg>
<arg>${address}</arg>
<doc>Types the given ``text`` into the text field identified by ``locator``.</doc>
<status status="PASS" start="2026-08-20T09:15:54.725054" elapsed="0.019337"/>
</kw>
<kw name="Input Text" owner="SeleniumLibrary">
<msg time="2026-08-20T09:15:54.744627" level="INFO">Typing text 'Riyadh' into text field 'id=customer.address.city'.</msg>
<arg>${CITY_FIELD}</arg>
<arg>${city}</arg>
<doc>Types the given ``text`` into the text field identified by ``locator``.</doc>
<status status="PASS" start="2026-08-20T09:15:54.744488" elapsed="0.016493"/>
</kw>
<kw name="Input Text" owner="SeleniumLibrary">
<msg time="2026-08-20T09:15:54.761204" level="INFO">Typing text 'Riyadh' into text field 'id=customer.address.state'.</msg>
<arg>${STATE_FIELD}</arg>
<arg>${state}</arg>
<doc>Types the given ``text`` into the text field identified by ``locator``.</doc>
<status status="PASS" start="2026-08-20T09:15:54.761072" elapsed="0.016039"/>
</kw>
<kw name="Input Text" owner="SeleniumLibrary">
<msg time="2026-08-20T09:15:54.777306" level="INFO">Typing text '12345' into text field 'id=customer.address.zipCode'.</msg>
<arg>${ZIPCODE_FIELD}</arg>
<arg>${zipCode}</arg>
<doc>Types the given ``text`` into the text field identified by ``locator``.</doc>
<status status="PASS" start="2026-08-20T09:15:54.777188" elapsed="0.015779"/>
</kw>
<kw name="Input Text" owner="SeleniumLibrary">
<msg time="2026-08-20T09:15:54.793170" level="INFO">Typing text '0564411610' into text field 'id=customer.phoneNumber'.</msg>
<arg>${PHONE_FIELD}</arg>
<arg>${phoneNumber}</arg>
<doc>Types the given ``text`` into the text field identified by ``locator``.</doc>
<status status="PASS" start="2026-08-20T09:15:54.793051" elapsed="0.016449"/>
</kw>
<kw name="Input Text" owner="SeleniumLibrary">
<msg time="2026-08-20T09:15:54.809693" level="INFO">Typing text '123456789' into text field 'id=customer.ssn'.</msg>
<arg>${SSN_FIELD}</arg>
<arg>${ssn}</arg>
<doc>Types the given ``text`` into the text field identified by ``locator``.</doc>
<status status="PASS" start="2026-08-20T09:15:54.809579" elapsed="0.016710"/>
</kw>
<kw name="Input Text" owner="SeleniumLibrary">
<msg time="2026-08-20T09:15:54.826511" level="INFO">Typing text 'mahmoudtest2010' into text field 'id=customer.username'.</msg>
<arg>${NEW_USERNAME_FIELD}</arg>
<arg>${username}</arg>
<doc>Types the given ``text`` into the text field identified by ``locator``.</doc>
<status status="PASS" start="2026-08-20T09:15:54.826382" elapsed="0.017926"/>
</kw>
<kw name="Input Text" owner="SeleniumLibrary">
<msg time="2026-08-20T09:15:54.844518" level="INFO">Typing text 'Test@1234' into text field 'id=customer.password'.</msg>
<arg>${NEW_PASSWORD_FIELD}</arg>
<arg>${password}</arg>
<doc>Types the given ``text`` into the text field identified by ``locator``.</doc>
<status status="PASS" start="2026-08-20T09:15:54.844394" elapsed="0.020393"/>
</kw>
<kw name="Input Text" owner="SeleniumLibrary">
<msg time="2026-08-20T09:15:54.864994" level="INFO">Typing text 'Test@1234' into text field 'id=repeatedPassword'.</msg>
<arg>${CONFIRM_PASSWORD_FIELD}</arg>
<arg>${password}</arg>
<doc>Types the given ``text`` into the text field identified by ``locator``.</doc>
<status status="PASS" start="2026-08-20T09:15:54.864873" elapsed="0.016726"/>
</kw>
<arg>${FIRST_NAME}</arg>
<arg>${LAST_NAME}</arg>
<arg>${ADDRESS}</arg>
<arg>${CITY}</arg>
<arg>${STATE}</arg>
<arg>${ZIPCODE}</arg>
<arg>${PHONE}</arg>
<arg>${SSN}</arg>
<arg>${USERNAME}</arg>
<arg>${PASSWORD}</arg>
<status status="PASS" start="2026-08-20T09:15:54.643756" elapsed="0.237891"/>
</kw>
<kw name="Submit Registration Request" owner="Register">
<kw name="Click Button" owner="SeleniumLibrary">
<msg time="2026-08-20T09:15:54.881953" level="INFO">Clicking button 'xpath=//input[@value='Register']'.</msg>
<arg>${REGISTER_BUTTON}</arg>
<doc>Clicks the button identified by ``locator``.</doc>
<status status="PASS" start="2026-08-20T09:15:54.881867" elapsed="0.021956"/>
</kw>
<doc>Clicks the Register button to submit the registration form</doc>
<status status="PASS" start="2026-08-20T09:15:54.881766" elapsed="0.022127"/>
</kw>
<kw name="Verify Registration Success" owner="Register">
<kw name="Verify Element Is Visible" owner="CommonKeyword">
<try>
<branch type="TRY">
<kw name="Wait Until Element Is Visible" owner="SeleniumLibrary">
<msg time="2026-08-20T09:16:04.988371" level="INFO" html="true">&lt;/td&gt;&lt;/tr&gt;&lt;tr&gt;&lt;td colspan="3"&gt;&lt;a href="selenium-screenshot-3.png"&gt;&lt;img src="selenium-screenshot-3.png" width="800px"&gt;&lt;/a&gt;</msg>
<msg time="2026-08-20T09:16:04.988490" level="FAIL">Element 'xpath=//p[text()='Your account was created successfully. You are now logged in.']' not visible after 10 seconds.</msg>
<arg>${locator}</arg>
<arg>${StandardWait}</arg>
<doc>Waits until the element ``locator`` is visible.</doc>
<status status="FAIL" start="2026-08-20T09:15:54.904329" elapsed="10.084994">Element 'xpath=//p[text()='Your account was created successfully. You are now logged in.']' not visible after 10 seconds.</status>
</kw>
<status status="FAIL" start="2026-08-20T09:15:54.904282" elapsed="10.085107">Element 'xpath=//p[text()='Your account was created successfully. You are now logged in.']' not visible after 10 seconds.</status>
</branch>
<branch type="EXCEPT" assign="${error}">
<kw name="Capture And Name Screenshot" owner="CommonKeyword">
<kw name="Replace String" owner="String">
<msg time="2026-08-20T09:16:04.989790" level="INFO">${safeName} = TC_001_Verify_User_Registration</msg>
<var>${safeName}</var>
<arg>${TEST NAME}</arg>
<arg>${SPACE}</arg>
<arg>_</arg>
<doc>Replaces ``search_for`` in the given ``string`` with ``replace_with``.</doc>
<status status="PASS" start="2026-08-20T09:16:04.989663" elapsed="0.000141"/>
</kw>
<kw name="Capture Page Screenshot" owner="SeleniumLibrary">
<msg time="2026-08-20T09:16:05.030456" level="INFO" html="true">&lt;/td&gt;&lt;/tr&gt;&lt;tr&gt;&lt;td colspan="3"&gt;&lt;a href="TC_001_Verify_User_Registration_FAILED_2.png"&gt;&lt;img src="TC_001_Verify_User_Registration_FAILED_2.png" width="800px"&gt;&lt;/a&gt;</msg>
<arg>${safeName}_FAILED_{index}.png</arg>
<doc>Takes a screenshot of the current page and embeds it into a log file.</doc>
<status status="PASS" start="2026-08-20T09:16:04.989863" elapsed="0.040643"/>
</kw>
<doc>Captures a screenshot named after the currently running test case</doc>
<status status="PASS" start="2026-08-20T09:16:04.989538" elapsed="0.041014"/>
</kw>
<kw name="Fail" owner="BuiltIn">
<msg time="2026-08-20T09:16:05.030814" level="FAIL">Element 'xpath=//p[text()='Your account was created successfully. You are now logged in.']' was not visible within 10: Element 'xpath=//p[text()='Your account was created successfully. You are now logged in.']' not visible after 10 seconds.</msg>
<arg>Element '${locator}' was not visible within ${StandardWait}: ${error}</arg>
<doc>Fails the test with the given message and optionally alters its tags.</doc>
<status status="FAIL" start="2026-08-20T09:16:05.030615" elapsed="0.000242">Element 'xpath=//p[text()='Your account was created successfully. You are now logged in.']' was not visible within 10: Element 'xpath=//p[text()='Your account was created successfully. You are now logged in.']' not visible after 10 seconds.</status>
</kw>
<status status="FAIL" start="2026-08-20T09:16:04.989443" elapsed="0.041448">Element 'xpath=//p[text()='Your account was created successfully. You are now logged in.']' was not visible within 10: Element 'xpath=//p[text()='Your account was created successfully. You are now logged in.']' not visible after 10 seconds.</status>
</branch>
<status status="FAIL" start="2026-08-20T09:15:54.904267" elapsed="10.126653">Element 'xpath=//p[text()='Your account was created successfully. You are now logged in.']' was not visible within 10: Element 'xpath=//p[text()='Your account was created successfully. You are now logged in.']' not visible after 10 seconds.</status>
</try>
<arg>${REGISTER_SUCCESS_MESSAGE}</arg>
<status status="FAIL" start="2026-08-20T09:15:54.904194" elapsed="10.126771">Element 'xpath=//p[text()='Your account was created successfully. You are now logged in.']' was not visible within 10: Element 'xpath=//p[text()='Your account was created successfully. You are now logged in.']' not visible after 10 seconds.</status>
</kw>
<kw name="Compare Element Text" owner="CommonKeyword">
<arg>${REGISTER_SUCCESS_MESSAGE}</arg>
<arg>${ExpectedSuccessMessageText}</arg>
<status status="NOT RUN" start="2026-08-20T09:16:05.031058" elapsed="0.000014"/>
</kw>
<arg>${ExpectedSuccessMessageText}</arg>
<doc>Verifies that the registration was successful by checking for a success message</doc>
<status status="FAIL" start="2026-08-20T09:15:54.904025" elapsed="10.127086">Element 'xpath=//p[text()='Your account was created successfully. You are now logged in.']' was not visible within 10: Element 'xpath=//p[text()='Your account was created successfully. You are now logged in.']' not visible after 10 seconds.</status>
</kw>
<kw name="Close Application Browser" owner="BrowserKeyword" type="TEARDOWN">
<kw name="Close All Browsers" owner="SeleniumLibrary">
<doc>Closes all open browsers and resets the browser cache.</doc>
<status status="PASS" start="2026-08-20T09:16:05.031344" elapsed="0.077249"/>
</kw>
<doc>Closes the browser and ends the session</doc>
<status status="PASS" start="2026-08-20T09:16:05.031245" elapsed="0.077425"/>
</kw>
<doc>This test case verifies the user registration functionality by navigating to the Register page, filling in the registration form with valid data, submitting the form, and verifying the success message.</doc>
<tag>Regression</tag>
<tag>Smoke</tag>
<status status="FAIL" start="2026-08-20T09:15:40.391961" elapsed="24.716763">Element 'xpath=//p[text()='Your account was created successfully. You are now logged in.']' was not visible within 10: Element 'xpath=//p[text()='Your account was created successfully. You are now logged in.']' not visible after 10 seconds.</status>
</test>
<test id="s1-t2" name="TC_002_Verify Duplicate User Registration Is Rejected" line="35">
<kw name="Initialize Browser" owner="BrowserKeyword" type="SETUP">
<kw name="Open Browser" owner="SeleniumLibrary">
<msg time="2026-08-20T09:16:05.109380" level="INFO">Opening browser 'chrome' to base url 'https://parabank.parasoft.com/parabank/index.htm'.</msg>
<arg>${url}</arg>
<arg>${browser}</arg>
<doc>Opens a new browser instance to the optional ``url``.</doc>
<status status="PASS" start="2026-08-20T09:16:05.109287" elapsed="2.928713"/>
</kw>
<kw name="Maximize Browser Window" owner="SeleniumLibrary">
<doc>Maximizes current browser window.</doc>
<status status="PASS" start="2026-08-20T09:16:08.038694" elapsed="0.375946"/>
</kw>
<kw name="Sleep" owner="BuiltIn">
<msg time="2026-08-20T09:16:18.416837" level="INFO">Slept 10 seconds.</msg>
<arg>${StandardWait}</arg>
<doc>Pauses the test executed for the given time.</doc>
<status status="PASS" start="2026-08-20T09:16:08.414874" elapsed="10.002045"/>
</kw>
<status status="PASS" start="2026-08-20T09:16:05.109147" elapsed="13.307860"/>
</kw>
<kw name="Verify HomePage Loaded" owner="HomePage">
<kw name="Location Should Be" owner="SeleniumLibrary">
<msg time="2026-08-20T09:16:18.419922" level="INFO">Current location is 'https://parabank.parasoft.com/parabank/index.htm'.</msg>
<arg>${URL}</arg>
<doc>Verifies that the current URL is exactly ``url``.</doc>
<status status="PASS" start="2026-08-20T09:16:18.417426" elapsed="0.002533"/>
</kw>
<doc>Verifies that the Home page is loaded by checking for the presence of the Register link</doc>
<status status="PASS" start="2026-08-20T09:16:18.417239" elapsed="0.002759"/>
</kw>
<kw name="Navigate To Register Page" owner="HomePage">
<kw name="Navigate To Page" owner="CommonKeyword">
<kw name="Safe Click" owner="CommonKeyword">
<try>
<branch type="TRY">
<kw name="Wait Until Element Is Visible" owner="SeleniumLibrary">
<arg>${locator}</arg>
<arg>${StandardWait}</arg>
<doc>Waits until the element ``locator`` is visible.</doc>
<status status="PASS" start="2026-08-20T09:16:18.420603" elapsed="0.006703"/>
</kw>
<kw name="Wait Until Element Is Enabled" owner="SeleniumLibrary">
<arg>${locator}</arg>
<arg>${StandardWait}</arg>
<doc>Waits until the element ``locator`` is enabled.</doc>
<status status="PASS" start="2026-08-20T09:16:18.427374" elapsed="0.005498"/>
</kw>
<kw name="Click Element" owner="SeleniumLibrary">
<msg time="2026-08-20T09:16:18.433016" level="INFO">Clicking element 'xpath=//a[text()='Register']'.</msg>
<arg>${locator}</arg>
<doc>Click the element identified by ``locator``.</doc>
<status status="PASS" start="2026-08-20T09:16:18.432927" elapsed="1.119154"/>
</kw>
<status status="PASS" start="2026-08-20T09:16:18.420550" elapsed="1.131751"/>
</branch>
<branch type="EXCEPT" assign="${error}">
<kw name="Capture And Name Screenshot" owner="CommonKeyword">
<doc>Captures a screenshot named after the currently running test case</doc>
<status status="NOT RUN" start="2026-08-20T09:16:19.553192" elapsed="0.000356"/>
</kw>
<kw name="Fail" owner="BuiltIn">
<arg>Unable to click element '${locator}': ${error}</arg>
<doc>Fails the test with the given message and optionally alters its tags.</doc>
<status status="NOT RUN" start="2026-08-20T09:16:19.554020" elapsed="0.000041"/>
</kw>
<status status="NOT RUN" start="2026-08-20T09:16:19.552437" elapsed="0.001665"/>
</branch>
<status status="PASS" start="2026-08-20T09:16:18.420525" elapsed="1.133633"/>
</try>
<arg>${navigationLocator}</arg>
<status status="PASS" start="2026-08-20T09:16:18.420430" elapsed="1.133823"/>
</kw>
<try>
<branch type="TRY">
<kw name="Wait Until Page Contains Element" owner="SeleniumLibrary">
<arg>${destinationPageLocator}</arg>
<arg>${StandardWait}</arg>
<doc>Waits until the element ``locator`` appears on the current page.</doc>
<status status="PASS" start="2026-08-20T09:16:19.554504" elapsed="0.009551"/>
</kw>
<status status="PASS" start="2026-08-20T09:16:19.554354" elapsed="0.009811"/>
</branch>
<branch type="EXCEPT" assign="${error}">
<kw name="Capture And Name Screenshot" owner="CommonKeyword">
<doc>Captures a screenshot named after the currently running test case</doc>
<status status="NOT RUN" start="2026-08-20T09:16:19.564465" elapsed="0.000034"/>
</kw>
<kw name="Fail" owner="BuiltIn">
<arg>Navigation failed — '${destinationPageLocator}' did not appear: ${error}</arg>
<doc>Fails the test with the given message and optionally alters its tags.</doc>
<status status="NOT RUN" start="2026-08-20T09:16:19.564601" elapsed="0.000020"/>
</kw>
<status status="NOT RUN" start="2026-08-20T09:16:19.564244" elapsed="0.000408"/>
</branch>
<status status="PASS" start="2026-08-20T09:16:19.554318" elapsed="0.010370"/>
</try>
<arg>${REGISTER_LINK}</arg>
<arg>${REGISTER_PAGE_HEADER}</arg>
<status status="PASS" start="2026-08-20T09:16:18.420266" elapsed="1.144488"/>
</kw>
<doc>Navigates to the Register page by clicking on the Register link</doc>
<status status="PASS" start="2026-08-20T09:16:18.420097" elapsed="1.144709"/>
</kw>
<kw name="Set Register User Data" owner="Register">
<kw name="Input Text" owner="SeleniumLibrary">
<msg time="2026-08-20T09:16:19.565856" level="INFO">Typing text 'Mohamed' into text field 'id=customer.firstName'.</msg>
<arg>${FIRST_NAME_FIELD}</arg>
<arg>${firstName}</arg>
<doc>Types the given ``text`` into the text field identified by ``locator``.</doc>
<status status="PASS" start="2026-08-20T09:16:19.565590" elapsed="0.060654"/>
</kw>
<kw name="Input Text" owner="SeleniumLibrary">
<msg time="2026-08-20T09:16:19.626520" level="INFO">Typing text 'Madboly' into text field 'id=customer.lastName'.</msg>
<arg>${LAST_NAME_FIELD}</arg>
<arg>${lastName}</arg>
<doc>Types the given ``text`` into the text field identified by ``locator``.</doc>
<status status="PASS" start="2026-08-20T09:16:19.626354" elapsed="0.019336"/>
</kw>
<kw name="Input Text" owner="SeleniumLibrary">
<msg time="2026-08-20T09:16:19.645928" level="INFO">Typing text 'Almaazar' into text field 'id=customer.address.street'.</msg>
<arg>${ADDRESS_FIELD}</arg>
<arg>${address}</arg>
<doc>Types the given ``text`` into the text field identified by ``locator``.</doc>
<status status="PASS" start="2026-08-20T09:16:19.645784" elapsed="0.020226"/>
</kw>
<kw name="Input Text" owner="SeleniumLibrary">
<msg time="2026-08-20T09:16:19.666236" level="INFO">Typing text 'Riyadh' into text field 'id=customer.address.city'.</msg>
<arg>${CITY_FIELD}</arg>
<arg>${city}</arg>
<doc>Types the given ``text`` into the text field identified by ``locator``.</doc>
<status status="PASS" start="2026-08-20T09:16:19.666104" elapsed="0.016791"/>
</kw>
<kw name="Input Text" owner="SeleniumLibrary">
<msg time="2026-08-20T09:16:19.683100" level="INFO">Typing text 'Riyadh' into text field 'id=customer.address.state'.</msg>
<arg>${STATE_FIELD}</arg>
<arg>${state}</arg>
<doc>Types the given ``text`` into the text field identified by ``locator``.</doc>
<status status="PASS" start="2026-08-20T09:16:19.682978" elapsed="0.016798"/>
</kw>
<kw name="Input Text" owner="SeleniumLibrary">
<msg time="2026-08-20T09:16:19.699987" level="INFO">Typing text '12345' into text field 'id=customer.address.zipCode'.</msg>
<arg>${ZIPCODE_FIELD}</arg>
<arg>${zipCode}</arg>
<doc>Types the given ``text`` into the text field identified by ``locator``.</doc>
<status status="PASS" start="2026-08-20T09:16:19.699862" elapsed="0.016205"/>
</kw>
<kw name="Input Text" owner="SeleniumLibrary">
<msg time="2026-08-20T09:16:19.716263" level="INFO">Typing text '0564411610' into text field 'id=customer.phoneNumber'.</msg>
<arg>${PHONE_FIELD}</arg>
<arg>${phoneNumber}</arg>
<doc>Types the given ``text`` into the text field identified by ``locator``.</doc>
<status status="PASS" start="2026-08-20T09:16:19.716146" elapsed="0.016511"/>
</kw>
<kw name="Input Text" owner="SeleniumLibrary">
<msg time="2026-08-20T09:16:19.732849" level="INFO">Typing text '123456789' into text field 'id=customer.ssn'.</msg>
<arg>${SSN_FIELD}</arg>
<arg>${ssn}</arg>
<doc>Types the given ``text`` into the text field identified by ``locator``.</doc>
<status status="PASS" start="2026-08-20T09:16:19.732736" elapsed="0.016676"/>
</kw>
<kw name="Input Text" owner="SeleniumLibrary">
<msg time="2026-08-20T09:16:19.749639" level="INFO">Typing text 'mahmoudtest2010' into text field 'id=customer.username'.</msg>
<arg>${NEW_USERNAME_FIELD}</arg>
<arg>${username}</arg>
<doc>Types the given ``text`` into the text field identified by ``locator``.</doc>
<status status="PASS" start="2026-08-20T09:16:19.749513" elapsed="0.018064"/>
</kw>
<kw name="Input Text" owner="SeleniumLibrary">
<msg time="2026-08-20T09:16:19.767790" level="INFO">Typing text 'Test@1234' into text field 'id=customer.password'.</msg>
<arg>${NEW_PASSWORD_FIELD}</arg>
<arg>${password}</arg>
<doc>Types the given ``text`` into the text field identified by ``locator``.</doc>
<status status="PASS" start="2026-08-20T09:16:19.767662" elapsed="0.018489"/>
</kw>
<kw name="Input Text" owner="SeleniumLibrary">
<msg time="2026-08-20T09:16:19.786395" level="INFO">Typing text 'Test@1234' into text field 'id=repeatedPassword'.</msg>
<arg>${CONFIRM_PASSWORD_FIELD}</arg>
<arg>${password}</arg>
<doc>Types the given ``text`` into the text field identified by ``locator``.</doc>
<status status="PASS" start="2026-08-20T09:16:19.786253" elapsed="0.016675"/>
</kw>
<arg>${FIRST_NAME}</arg>
<arg>${LAST_NAME}</arg>
<arg>${ADDRESS}</arg>
<arg>${CITY}</arg>
<arg>${STATE}</arg>
<arg>${ZIPCODE}</arg>
<arg>${PHONE}</arg>
<arg>${SSN}</arg>
<arg>${USERNAME}</arg>
<arg>${PASSWORD}</arg>
<status status="PASS" start="2026-08-20T09:16:19.565056" elapsed="0.237937"/>
</kw>
<kw name="Submit Registration Request" owner="Register">
<kw name="Click Button" owner="SeleniumLibrary">
<msg time="2026-08-20T09:16:19.803377" level="INFO">Clicking button 'xpath=//input[@value='Register']'.</msg>
<arg>${REGISTER_BUTTON}</arg>
<doc>Clicks the button identified by ``locator``.</doc>
<status status="PASS" start="2026-08-20T09:16:19.803275" elapsed="0.347072"/>
</kw>
<doc>Clicks the Register button to submit the registration form</doc>
<status status="PASS" start="2026-08-20T09:16:19.803160" elapsed="0.347427"/>
</kw>
<kw name="Verify Dublicate User Is Rejected" owner="Register">
<kw name="Verify Element Is Visible" owner="CommonKeyword">
<try>
<branch type="TRY">
<kw name="Wait Until Element Is Visible" owner="SeleniumLibrary">
<arg>${locator}</arg>
<arg>${StandardWait}</arg>
<doc>Waits until the element ``locator`` is visible.</doc>
<status status="PASS" start="2026-08-20T09:16:20.152031" elapsed="0.012516"/>
</kw>
<status status="PASS" start="2026-08-20T09:16:20.151960" elapsed="0.012636"/>
</branch>
<branch type="EXCEPT" assign="${error}">
<kw name="Capture And Name Screenshot" owner="CommonKeyword">
<doc>Captures a screenshot named after the currently running test case</doc>
<status status="NOT RUN" start="2026-08-20T09:16:20.164731" elapsed="0.000016"/>
</kw>
<kw name="Fail" owner="BuiltIn">
<arg>Element '${locator}' was not visible within ${StandardWait}: ${error}</arg>
<doc>Fails the test with the given message and optionally alters its tags.</doc>
<status status="NOT RUN" start="2026-08-20T09:16:20.164796" elapsed="0.000011"/>
</kw>
<status status="NOT RUN" start="2026-08-20T09:16:20.164634" elapsed="0.000187"/>
</branch>
<status status="PASS" start="2026-08-20T09:16:20.151936" elapsed="0.012903"/>
</try>
<arg>${REGISTER_Error_MESSAGE}</arg>
<status status="PASS" start="2026-08-20T09:16:20.151729" elapsed="0.013135"/>
</kw>
<kw name="Compare Element Text" owner="CommonKeyword">
<kw name="Get Element Text" owner="CommonKeyword">
<try>
<branch type="TRY">
<kw name="Wait Until Element Is Visible" owner="SeleniumLibrary">
<arg>${locator}</arg>
<arg>${StandardWait}</arg>
<doc>Waits until the element ``locator`` is visible.</doc>
<status status="PASS" start="2026-08-20T09:16:20.165264" elapsed="0.005364"/>
</kw>
<kw name="Get Text" owner="SeleniumLibrary">
<msg time="2026-08-20T09:16:20.176613" level="INFO">${text} = This username already exists.</msg>
<var>${text}</var>
<arg>${locator}</arg>
<doc>Returns the text value of the element identified by ``locator``.</doc>
<status status="PASS" start="2026-08-20T09:16:20.170741" elapsed="0.005895"/>
</kw>
<status status="PASS" start="2026-08-20T09:16:20.165222" elapsed="0.011445"/>
</branch>
<branch type="EXCEPT" assign="${error}">
<kw name="Capture And Name Screenshot" owner="CommonKeyword">
<doc>Captures a screenshot named after the currently running test case</doc>
<status status="NOT RUN" start="2026-08-20T09:16:20.176779" elapsed="0.000014"/>
</kw>
<kw name="Fail" owner="BuiltIn">
<arg>Unable to get text from '${locator}': ${error}</arg>
<doc>Fails the test with the given message and optionally alters its tags.</doc>
<status status="NOT RUN" start="2026-08-20T09:16:20.176840" elapsed="0.000011"/>
</kw>
<status status="NOT RUN" start="2026-08-20T09:16:20.176698" elapsed="0.000166"/>
</branch>
<status status="PASS" start="2026-08-20T09:16:20.165209" elapsed="0.011671"/>
</try>
<return>
<value>${text}</value>
<status status="PASS" start="2026-08-20T09:16:20.176900" elapsed="0.000036"/>
</return>
<msg time="2026-08-20T09:16:20.177005" level="INFO">${actualText} = This username already exists.</msg>
<var>${actualText}</var>
<arg>${locator}</arg>
<status status="PASS" start="2026-08-20T09:16:20.165138" elapsed="0.011877"/>
</kw>
<try>
<branch type="TRY">
<kw name="Should Be Equal" owner="BuiltIn">
<arg>${actualText}</arg>
<arg>${expectedText}</arg>
<doc>Fails if the given objects are unequal.</doc>
<status status="PASS" start="2026-08-20T09:16:20.177091" elapsed="0.000178"/>
</kw>
<status status="PASS" start="2026-08-20T09:16:20.177049" elapsed="0.000238"/>
</branch>
<branch type="EXCEPT" assign="${error}">
<kw name="Capture And Name Screenshot" owner="CommonKeyword">
<doc>Captures a screenshot named after the currently running test case</doc>
<status status="NOT RUN" start="2026-08-20T09:16:20.177357" elapsed="0.000011"/>
</kw>
<kw name="Fail" owner="BuiltIn">
<arg>Text mismatch at '${locator}' — expected '${expectedText}' but got '${actualText}'</arg>
<doc>Fails the test with the given message and optionally alters its tags.</doc>
<status status="NOT RUN" start="2026-08-20T09:16:20.177403" elapsed="0.000008"/>
</kw>
<status status="NOT RUN" start="2026-08-20T09:16:20.177306" elapsed="0.000120"/>
</branch>
<status status="PASS" start="2026-08-20T09:16:20.177038" elapsed="0.000402"/>
</try>
<arg>${REGISTER_Error_MESSAGE}</arg>
<arg>${ExpectedErrorMessageText}</arg>
<status status="PASS" start="2026-08-20T09:16:20.164945" elapsed="0.012512"/>
</kw>
<arg>${ExpectedErrorMessageText}</arg>
<doc>Verifies that the application correctly handles duplicate user registration attempts by checking for an error message</doc>
<status status="PASS" start="2026-08-20T09:16:20.151078" elapsed="0.026399"/>
</kw>
<kw name="Close Application Browser" owner="BrowserKeyword" type="TEARDOWN">
<kw name="Close All Browsers" owner="SeleniumLibrary">
<doc>Closes all open browsers and resets the browser cache.</doc>
<status status="PASS" start="2026-08-20T09:16:20.177694" elapsed="0.071954"/>
</kw>
<doc>Closes the browser and ends the session</doc>
<status status="PASS" start="2026-08-20T09:16:20.177590" elapsed="0.072121"/>
</kw>
<doc>This test case verifies that the application correctly handles duplicate user registration attempts by trying to register with an existing username and checking for the appropriate error message.</doc>
<tag>Regression</tag>
<status status="PASS" start="2026-08-20T09:16:05.108887" elapsed="15.140873"/>
</test>
<status status="FAIL" start="2026-08-20T09:15:40.289665" elapsed="39.960360"/>
</suite>
<statistics>
<total>
<stat pass="1" fail="1" skip="0">All Tests</stat>
</total>
<tag>
<stat pass="1" fail="1" skip="0">Regression</stat>
<stat pass="0" fail="1" skip="0">Smoke</stat>
</tag>
<suite>
<stat name="Registration Tests" id="s1" pass="1" fail="1" skip="0">Registration Tests</stat>
</suite>
</statistics>
<errors>
</errors>
</robot>
